2018-09-22 23:10:51,249 - DEBUG - jack进入了商城页面
2018-09-22 23:10:52,813 - DEBUG - 输入商品名称：pen
2018-09-22 23:10:54,627 - INFO - jack购买了：pen,本次消费共花费：5,你的账户余额是：155.0
2018-09-22 23:10:56,450 - DEBUG - jack进入了提现页面
2018-09-22 23:10:59,650 - DEBUG - 提现金额：100
2018-09-22 23:10:59,650 - INFO - jack已提现金额：100,扣除手续费：5.0,账户余额：250.0
2018-09-22 23:11:08,716 - DEBUG - jack进入了转账页面
2018-09-22 23:11:11,797 - INFO - 从jack转账到tom，转账金额:100,你账户内余额：150.0
2018-09-22 23:11:17,948 - DEBUG - jack进入了转账页面
2018-09-22 23:11:23,847 - DEBUG - jack进入了还款页面
2018-09-22 23:11:26,498 - INFO - 本次还款金额为：100,账户内余额为：250.0
2018-09-22 23:13:37,700 - DEBUG - jack进入了商城页面
2018-09-22 23:13:39,221 - DEBUG - 输入商品名称：pen
2018-09-22 23:13:40,758 - INFO - jack购买了：pen,本次消费共花费：5,你的账户余额是：245.0
2018-09-22 23:13:42,651 - DEBUG - jack进入了提现页面
2018-09-22 23:13:43,808 - DEBUG - 提现金额：100
2018-09-22 23:13:43,809 - INFO - jack已提现金额：100,扣除手续费：5.0,账户余额：340.0
2018-09-22 23:13:48,354 - DEBUG - jack进入了转账页面
2018-09-22 23:13:53,341 - INFO - 从jack转账到tom，转账金额:50,你账户内余额：290.0
2018-09-22 23:15:03,228 - DEBUG - jack查看了账户信息
2018-09-22 23:15:10,707 - DEBUG - jack进入了提现页面
2018-09-22 23:15:12,879 - DEBUG - 提现金额：100
2018-09-22 23:15:12,880 - INFO - jack已提现金额：100,扣除手续费：5.0,账户余额：185.0
2018-09-22 23:15:20,422 - DEBUG - jack进入了转账页面
2018-09-22 23:15:24,524 - INFO - 从jack转账到tom，转账金额:100,你账户内余额：85.0
2018-09-22 23:15:28,124 - DEBUG - jack进入了还款页面
2018-09-22 23:15:30,701 - INFO - 本次还款金额为：15,账户内余额为：100.0
2018-09-22 23:15:33,312 - DEBUG - jack进入了商城页面
2018-09-22 23:15:35,075 - DEBUG - 输入商品名称：pen
2018-09-22 23:15:42,564 - DEBUG - 输入商品名称：miaomiaomiao
2018-09-22 23:15:49,091 - DEBUG - jack查看了账户信息
2018-09-22 23:15:53,839 - DEBUG - jack进入了商城页面
2018-09-22 23:15:56,292 - DEBUG - 输入商品名称：pen
2018-09-22 23:15:59,438 - DEBUG - 输入商品名称：pen
2018-09-22 23:16:05,424 - DEBUG - 输入商品名称：PEN
2018-09-22 23:16:07,954 - INFO - jack购买了：pen,pen,PEN,本次消费共花费：15,你的账户余额是：85.0
